
  Revision History of Scrivener 1894 files prior to 3-20-95:

  Directory of  f:\greek\scrivene\*.*

    1co  17171  91-02-14 Date of original revision
    1jo   4490  91-02-14
    1pe   5403  91-02-14
    1th   4221  91-02-14
    1ti   5319  91-02-14
    2co  11866  91-02-14
    2jo    880  91-02-14
    2pe   3651  91-02-14
    2th   2472  91-02-14
    2ti   4146  91-02-14
    3jo    883  91-02-14
    ac   48156  91-02-14
    col   4580  91-02-14
    eph   6618  91-02-14
    ga    6343  91-02-14
    heb  14144  91-02-14
    jas   5299  91-02-14
    joh  33964  91-02-14
    jude  1726  91-02-14
    mt   43909  91-02-14
    phm   1190  91-02-14
    php   4785  91-02-14
    re   20852  91-02-14
    tit   2421  91-02-14

  Files subsequently corrected, with dates and times:

    mr   28298  92-02-11  16.04
    ro   17867  92-03-04  11.40
    lu   48755  95-01-21  11.41
